2025-05-06 01:00:49 [main] INFO  com.fsf.habitup.HabitupApplication - Starting HabitupApplication using Java 17.0.13 with PID 23620 (C:\Users\swast\Downloads\FullStackFlair\target\classes started by swast in C:\Users\swast\Downloads\FullStackFlair)
2025-05-06 01:00:49 [main] INFO  com.fsf.habitup.HabitupApplication - No active profile set, falling back to 1 default profile: "default"
2025-05-06 01:00:51 [main] INFO  o.s.d.r.c.RepositoryConfigurationDelegate - Bootstrapping Spring Data JPA repositories in DEFAULT mode.
2025-05-06 01:00:51 [main] INFO  o.s.d.r.c.RepositoryConfigurationDelegate - Finished Spring Data repository scanning in 148 ms. Found 13 JPA repository interfaces.
2025-05-06 01:00:52 [main] INFO  o.s.b.w.e.tomcat.TomcatWebServer - Tomcat initialized with port 8080 (http)
2025-05-06 01:00:52 [main] INFO  o.a.catalina.core.StandardService - Starting service [Tomcat]
2025-05-06 01:00:52 [main] INFO  o.a.catalina.core.StandardEngine - Starting Servlet engine: [Apache Tomcat/10.1.36]
2025-05-06 01:00:52 [main] INFO  o.a.c.c.C.[Tomcat].[localhost].[/] - Initializing Spring embedded WebApplicationContext
2025-05-06 01:00:52 [main] INFO  o.s.b.w.s.c.ServletWebServerApplicationContext - Root WebApplicationContext: initialization completed in 3371 ms
2025-05-06 01:00:53 [main] INFO  o.h.jpa.internal.util.LogHelper - HHH000204: Processing PersistenceUnitInfo [name: default]
2025-05-06 01:00:53 [main] INFO  org.hibernate.Version - HHH000412: Hibernate ORM core version 6.6.8.Final
2025-05-06 01:00:53 [main] INFO  o.h.c.i.RegionFactoryInitiator - HHH000026: Second-level cache disabled
2025-05-06 01:00:54 [main] INFO  o.s.o.j.p.SpringPersistenceUnitInfo - No LoadTimeWeaver setup: ignoring JPA class transformer
2025-05-06 01:00:54 [main] INFO  com.zaxxer.hikari.HikariDataSource - HikariPool-1 - Starting...
2025-05-06 01:00:54 [main] INFO  com.zaxxer.hikari.pool.HikariPool - HikariPool-1 - Added connection com.mysql.cj.jdbc.ConnectionImpl@59b1edab
2025-05-06 01:00:54 [main] INFO  com.zaxxer.hikari.HikariDataSource - HikariPool-1 - Start completed.
2025-05-06 01:00:55 [main] INFO  o.hibernate.orm.connections.pooling - HHH10001005: Database info:
	Database JDBC URL [Connecting through datasource 'HikariDataSource (HikariPool-1)']
	Database driver: undefined/unknown
	Database version: 8.0.39
	Autocommit mode: undefined/unknown
	Isolation level: undefined/unknown
	Minimum pool size: undefined/unknown
	Maximum pool size: undefined/unknown
2025-05-06 01:00:56 [main] INFO  o.h.e.t.j.p.i.JtaPlatformInitiator - HHH000489: No JTA platform available (set 'hibernate.transaction.jta.platform' to enable JTA platform integration)
2025-05-06 01:00:57 [main] INFO  o.s.o.j.LocalContainerEntityManagerFactoryBean - Initialized JPA EntityManagerFactory for persistence unit 'default'
2025-05-06 01:00:58 [main] INFO  o.s.s.c.a.a.c.InitializeAuthenticationProviderBeanManagerConfigurer$InitializeAuthenticationProviderManagerConfigurer - Global AuthenticationManager configured with AuthenticationProvider bean with name authenticationProvider
2025-05-06 01:00:58 [main] INFO  o.s.d.j.r.query.QueryEnhancerFactory - Hibernate is in classpath; If applicable, HQL parser will be used.
2025-05-06 01:00:59 [main] INFO  c.f.h.Security.PermissionInitializer - Starting permission initialization...
2025-05-06 01:00:59 [main] INFO  c.f.h.Service.PermissionService - Initializing user permissions...
2025-05-06 01:00:59 [main] INFO  c.f.h.Service.PermissionService - User permissions assigned to 2 users.
2025-05-06 01:00:59 [main] INFO  c.f.h.Service.PermissionService - Initializing admin permissions...
2025-05-06 01:00:59 [main] INFO  c.f.h.Service.PermissionService - Admin permissions assigned to 1 admins.
2025-05-06 01:00:59 [main] INFO  c.f.h.Service.PermissionService - Initializing doctor permissions...
2025-05-06 01:00:59 [main] INFO  c.f.h.Service.PermissionService - Doctor permissions assigned to 0 doctors.
2025-05-06 01:01:00 [main] INFO  c.f.h.Security.PermissionInitializer - Permission initialization completed successfully.
2025-05-06 01:01:00 [main] INFO  o.s.b.a.w.s.WelcomePageHandlerMapping - Adding welcome page: class path resource [static/index.html]
2025-05-06 01:01:00 [main] INFO  o.s.b.a.e.web.EndpointLinksResolver - Exposing 1 endpoint beneath base path '/actuator'
2025-05-06 01:01:00 [main] DEBUG o.s.s.web.DefaultSecurityFilterChain - Will secure any request with filters: DisableEncodeUrlFilter, WebAsyncManagerIntegrationFilter, HeaderWriterFilter, LogoutFilter, JwtAuthenticationFilter, SecurityContextHolderAwareRequestFilter, SessionManagementFilter, ExceptionTranslationFilter, AuthorizationFilter
2025-05-06 01:01:01 [main] INFO  o.s.b.w.e.tomcat.TomcatWebServer - Tomcat started on port 8080 (http) with context path '/'
2025-05-06 01:01:01 [main] INFO  com.fsf.habitup.HabitupApplication - Started HabitupApplication in 12.787 seconds (process running for 13.648)
2025-05-06 01:01:25 [http-nio-8080-exec-3] INFO  o.a.c.c.C.[Tomcat].[localhost].[/] - Initializing Spring DispatcherServlet 'dispatcherServlet'
2025-05-06 01:01:25 [http-nio-8080-exec-3] INFO  o.s.web.servlet.DispatcherServlet - Initializing Servlet 'dispatcherServlet'
2025-05-06 01:01:25 [http-nio-8080-exec-3] INFO  o.s.web.servlet.DispatcherServlet - Completed initialization in 10 ms
2025-05-06 01:01:25 [http-nio-8080-exec-3] DEBUG o.s.security.web.FilterChainProxy - Securing GET /user/show-a-user/mbasudev022@gmail.com
2025-05-06 01:01:26 [http-nio-8080-exec-3] DEBUG o.s.security.web.FilterChainProxy - Secured GET /user/show-a-user/mbasudev022@gmail.com
2025-05-06 01:01:34 [http-nio-8080-exec-2] DEBUG o.s.security.web.FilterChainProxy - Securing GET /user/show-a-user/mbasudev022@gmail.com
2025-05-06 01:01:34 [http-nio-8080-exec-2] DEBUG o.s.security.web.FilterChainProxy - Secured GET /user/show-a-user/mbasudev022@gmail.com
2025-05-06 01:26:04 [http-nio-8080-exec-5] DEBUG o.s.security.web.FilterChainProxy - Securing OPTIONS /user/show-a-user/mbasudev022@gmail.com
2025-05-06 01:26:04 [http-nio-8080-exec-5] DEBUG o.s.s.w.a.Http403ForbiddenEntryPoint - Pre-authenticated entry point called. Rejecting access
2025-05-06 01:26:04 [http-nio-8080-exec-5] DEBUG o.s.security.web.FilterChainProxy - Securing OPTIONS /error
2025-05-06 01:26:04 [http-nio-8080-exec-5] DEBUG o.s.s.w.a.Http403ForbiddenEntryPoint - Pre-authenticated entry point called. Rejecting access
2025-05-06 01:28:00 [http-nio-8080-exec-7] DEBUG o.s.security.web.FilterChainProxy - Securing OPTIONS /user/show-a-user/mbasudev022@gmail.com
2025-05-06 01:28:00 [http-nio-8080-exec-7] DEBUG o.s.s.w.a.Http403ForbiddenEntryPoint - Pre-authenticated entry point called. Rejecting access
2025-05-06 01:28:00 [http-nio-8080-exec-7] DEBUG o.s.security.web.FilterChainProxy - Securing OPTIONS /error
2025-05-06 01:28:00 [http-nio-8080-exec-7] DEBUG o.s.s.w.a.Http403ForbiddenEntryPoint - Pre-authenticated entry point called. Rejecting access
2025-05-06 01:28:45 [http-nio-8080-exec-8] DEBUG o.s.security.web.FilterChainProxy - Securing OPTIONS /user/show-a-user/mbasudev022@gmail.com
2025-05-06 01:28:45 [http-nio-8080-exec-8] DEBUG o.s.s.w.a.Http403ForbiddenEntryPoint - Pre-authenticated entry point called. Rejecting access
2025-05-06 01:28:45 [http-nio-8080-exec-8] DEBUG o.s.security.web.FilterChainProxy - Securing OPTIONS /error
2025-05-06 01:28:45 [http-nio-8080-exec-8] DEBUG o.s.s.w.a.Http403ForbiddenEntryPoint - Pre-authenticated entry point called. Rejecting access
2025-05-06 01:28:48 [http-nio-8080-exec-9] DEBUG o.s.security.web.FilterChainProxy - Securing OPTIONS /user/show-a-user/mbasudev022@gmail.com
2025-05-06 01:28:48 [http-nio-8080-exec-9] DEBUG o.s.s.w.a.Http403ForbiddenEntryPoint - Pre-authenticated entry point called. Rejecting access
2025-05-06 01:28:48 [http-nio-8080-exec-9] DEBUG o.s.security.web.FilterChainProxy - Securing OPTIONS /error
2025-05-06 01:28:48 [http-nio-8080-exec-9] DEBUG o.s.s.w.a.Http403ForbiddenEntryPoint - Pre-authenticated entry point called. Rejecting access
2025-05-06 01:49:38 [SpringApplicationShutdownHook] INFO  o.s.b.w.e.tomcat.GracefulShutdown - Commencing graceful shutdown. Waiting for active requests to complete
2025-05-06 01:49:38 [tomcat-shutdown] INFO  o.s.b.w.e.tomcat.GracefulShutdown - Graceful shutdown complete
2025-05-06 01:49:38 [SpringApplicationShutdownHook] INFO  o.s.o.j.LocalContainerEntityManagerFactoryBean - Closing JPA EntityManagerFactory for persistence unit 'default'
2025-05-06 01:49:38 [SpringApplicationShutdownHook] INFO  com.zaxxer.hikari.HikariDataSource - HikariPool-1 - Shutdown initiated...
2025-05-06 01:49:38 [SpringApplicationShutdownHook] INFO  com.zaxxer.hikari.HikariDataSource - HikariPool-1 - Shutdown completed.
2025-05-06 01:49:42 [main] INFO  com.fsf.habitup.HabitupApplication - Starting HabitupApplication using Java 17.0.13 with PID 5320 (C:\Users\swast\Downloads\FullStackFlair\target\classes started by swast in C:\Users\swast\Downloads\FullStackFlair)
2025-05-06 01:49:42 [main] INFO  com.fsf.habitup.HabitupApplication - No active profile set, falling back to 1 default profile: "default"
2025-05-06 01:49:44 [main] INFO  o.s.d.r.c.RepositoryConfigurationDelegate - Bootstrapping Spring Data JPA repositories in DEFAULT mode.
2025-05-06 01:49:44 [main] INFO  o.s.d.r.c.RepositoryConfigurationDelegate - Finished Spring Data repository scanning in 125 ms. Found 13 JPA repository interfaces.
2025-05-06 01:49:45 [main] INFO  o.s.b.w.e.tomcat.TomcatWebServer - Tomcat initialized with port 8080 (http)
2025-05-06 01:49:45 [main] INFO  o.a.catalina.core.StandardService - Starting service [Tomcat]
2025-05-06 01:49:45 [main] INFO  o.a.catalina.core.StandardEngine - Starting Servlet engine: [Apache Tomcat/10.1.36]
2025-05-06 01:49:45 [main] INFO  o.a.c.c.C.[Tomcat].[localhost].[/] - Initializing Spring embedded WebApplicationContext
2025-05-06 01:49:45 [main] INFO  o.s.b.w.s.c.ServletWebServerApplicationContext - Root WebApplicationContext: initialization completed in 2953 ms
2025-05-06 01:49:46 [main] INFO  o.h.jpa.internal.util.LogHelper - HHH000204: Processing PersistenceUnitInfo [name: default]
2025-05-06 01:49:46 [main] INFO  org.hibernate.Version - HHH000412: Hibernate ORM core version 6.6.8.Final
2025-05-06 01:49:46 [main] INFO  o.h.c.i.RegionFactoryInitiator - HHH000026: Second-level cache disabled
2025-05-06 01:49:47 [main] INFO  o.s.o.j.p.SpringPersistenceUnitInfo - No LoadTimeWeaver setup: ignoring JPA class transformer
2025-05-06 01:49:47 [main] INFO  com.zaxxer.hikari.HikariDataSource - HikariPool-1 - Starting...
2025-05-06 01:49:47 [main] INFO  com.zaxxer.hikari.pool.HikariPool - HikariPool-1 - Added connection com.mysql.cj.jdbc.ConnectionImpl@77fb1002
2025-05-06 01:49:47 [main] INFO  com.zaxxer.hikari.HikariDataSource - HikariPool-1 - Start completed.
2025-05-06 01:49:47 [main] INFO  o.hibernate.orm.connections.pooling - HHH10001005: Database info:
	Database JDBC URL [Connecting through datasource 'HikariDataSource (HikariPool-1)']
	Database driver: undefined/unknown
	Database version: 8.0.39
	Autocommit mode: undefined/unknown
	Isolation level: undefined/unknown
	Minimum pool size: undefined/unknown
	Maximum pool size: undefined/unknown
2025-05-06 01:49:49 [main] INFO  o.h.e.t.j.p.i.JtaPlatformInitiator - HHH000489: No JTA platform available (set 'hibernate.transaction.jta.platform' to enable JTA platform integration)
2025-05-06 01:49:50 [main] INFO  o.s.o.j.LocalContainerEntityManagerFactoryBean - Initialized JPA EntityManagerFactory for persistence unit 'default'
2025-05-06 01:49:51 [main] INFO  o.s.s.c.a.a.c.InitializeAuthenticationProviderBeanManagerConfigurer$InitializeAuthenticationProviderManagerConfigurer - Global AuthenticationManager configured with AuthenticationProvider bean with name authenticationProvider
2025-05-06 01:49:51 [main] INFO  o.s.d.j.r.query.QueryEnhancerFactory - Hibernate is in classpath; If applicable, HQL parser will be used.
2025-05-06 01:49:52 [main] INFO  c.f.h.Security.PermissionInitializer - Starting permission initialization...
2025-05-06 01:49:52 [main] INFO  c.f.h.Service.PermissionService - Initializing user permissions...
2025-05-06 01:49:52 [main] INFO  c.f.h.Service.PermissionService - User permissions assigned to 2 users.
2025-05-06 01:49:52 [main] INFO  c.f.h.Service.PermissionService - Initializing admin permissions...
2025-05-06 01:49:52 [main] INFO  c.f.h.Service.PermissionService - Admin permissions assigned to 1 admins.
2025-05-06 01:49:52 [main] INFO  c.f.h.Service.PermissionService - Initializing doctor permissions...
2025-05-06 01:49:52 [main] INFO  c.f.h.Service.PermissionService - Doctor permissions assigned to 0 doctors.
2025-05-06 01:49:52 [main] INFO  c.f.h.Security.PermissionInitializer - Permission initialization completed successfully.
2025-05-06 01:49:52 [main] INFO  o.s.b.a.w.s.WelcomePageHandlerMapping - Adding welcome page: class path resource [static/index.html]
2025-05-06 01:49:53 [main] INFO  o.s.b.a.e.web.EndpointLinksResolver - Exposing 1 endpoint beneath base path '/actuator'
2025-05-06 01:49:53 [main] DEBUG o.s.s.web.DefaultSecurityFilterChain - Will secure any request with filters: DisableEncodeUrlFilter, WebAsyncManagerIntegrationFilter, HeaderWriterFilter, LogoutFilter, JwtAuthenticationFilter, SecurityContextHolderAwareRequestFilter, SessionManagementFilter, ExceptionTranslationFilter, AuthorizationFilter
2025-05-06 01:49:54 [main] INFO  o.s.b.w.e.tomcat.TomcatWebServer - Tomcat started on port 8080 (http) with context path '/'
2025-05-06 01:49:54 [main] INFO  com.fsf.habitup.HabitupApplication - Started HabitupApplication in 12.001 seconds (process running for 12.52)
2025-05-06 01:50:39 [SpringApplicationShutdownHook] INFO  o.s.b.w.e.tomcat.GracefulShutdown - Commencing graceful shutdown. Waiting for active requests to complete
2025-05-06 01:50:40 [tomcat-shutdown] INFO  o.s.b.w.e.tomcat.GracefulShutdown - Graceful shutdown complete
2025-05-06 01:50:40 [SpringApplicationShutdownHook] INFO  o.s.o.j.LocalContainerEntityManagerFactoryBean - Closing JPA EntityManagerFactory for persistence unit 'default'
2025-05-06 01:50:40 [SpringApplicationShutdownHook] INFO  com.zaxxer.hikari.HikariDataSource - HikariPool-1 - Shutdown initiated...
2025-05-06 01:50:40 [SpringApplicationShutdownHook] INFO  com.zaxxer.hikari.HikariDataSource - HikariPool-1 - Shutdown completed.
2025-05-06 01:50:43 [main] INFO  com.fsf.habitup.HabitupApplication - Starting HabitupApplication using Java 17.0.13 with PID 13676 (C:\Users\swast\Downloads\FullStackFlair\target\classes started by swast in C:\Users\swast\Downloads\FullStackFlair)
2025-05-06 01:50:43 [main] INFO  com.fsf.habitup.HabitupApplication - No active profile set, falling back to 1 default profile: "default"
2025-05-06 01:50:45 [main] INFO  o.s.d.r.c.RepositoryConfigurationDelegate - Bootstrapping Spring Data JPA repositories in DEFAULT mode.
2025-05-06 01:50:45 [main] INFO  o.s.d.r.c.RepositoryConfigurationDelegate - Finished Spring Data repository scanning in 147 ms. Found 13 JPA repository interfaces.
2025-05-06 01:50:46 [main] INFO  o.s.b.w.e.tomcat.TomcatWebServer - Tomcat initialized with port 8080 (http)
2025-05-06 01:50:46 [main] INFO  o.a.catalina.core.StandardService - Starting service [Tomcat]
2025-05-06 01:50:46 [main] INFO  o.a.catalina.core.StandardEngine - Starting Servlet engine: [Apache Tomcat/10.1.36]
2025-05-06 01:50:46 [main] INFO  o.a.c.c.C.[Tomcat].[localhost].[/] - Initializing Spring embedded WebApplicationContext
2025-05-06 01:50:46 [main] INFO  o.s.b.w.s.c.ServletWebServerApplicationContext - Root WebApplicationContext: initialization completed in 3099 ms
2025-05-06 01:50:47 [main] INFO  o.h.jpa.internal.util.LogHelper - HHH000204: Processing PersistenceUnitInfo [name: default]
2025-05-06 01:50:47 [main] INFO  org.hibernate.Version - HHH000412: Hibernate ORM core version 6.6.8.Final
2025-05-06 01:50:47 [main] INFO  o.h.c.i.RegionFactoryInitiator - HHH000026: Second-level cache disabled
2025-05-06 01:50:47 [main] INFO  o.s.o.j.p.SpringPersistenceUnitInfo - No LoadTimeWeaver setup: ignoring JPA class transformer
2025-05-06 01:50:47 [main] INFO  com.zaxxer.hikari.HikariDataSource - HikariPool-1 - Starting...
2025-05-06 01:50:48 [main] INFO  com.zaxxer.hikari.pool.HikariPool - HikariPool-1 - Added connection com.mysql.cj.jdbc.ConnectionImpl@6f785a27
2025-05-06 01:50:48 [main] INFO  com.zaxxer.hikari.HikariDataSource - HikariPool-1 - Start completed.
2025-05-06 01:50:48 [main] INFO  o.hibernate.orm.connections.pooling - HHH10001005: Database info:
	Database JDBC URL [Connecting through datasource 'HikariDataSource (HikariPool-1)']
	Database driver: undefined/unknown
	Database version: 8.0.39
	Autocommit mode: undefined/unknown
	Isolation level: undefined/unknown
	Minimum pool size: undefined/unknown
	Maximum pool size: undefined/unknown
2025-05-06 01:50:49 [main] INFO  o.h.e.t.j.p.i.JtaPlatformInitiator - HHH000489: No JTA platform available (set 'hibernate.transaction.jta.platform' to enable JTA platform integration)
2025-05-06 01:50:50 [main] INFO  o.s.o.j.LocalContainerEntityManagerFactoryBean - Initialized JPA EntityManagerFactory for persistence unit 'default'
2025-05-06 01:50:51 [main] INFO  o.s.s.c.a.a.c.InitializeAuthenticationProviderBeanManagerConfigurer$InitializeAuthenticationProviderManagerConfigurer - Global AuthenticationManager configured with AuthenticationProvider bean with name authenticationProvider
2025-05-06 01:50:51 [main] INFO  o.s.d.j.r.query.QueryEnhancerFactory - Hibernate is in classpath; If applicable, HQL parser will be used.
2025-05-06 01:50:51 [main] INFO  c.f.h.Security.PermissionInitializer - Starting permission initialization...
2025-05-06 01:50:51 [main] INFO  c.f.h.Service.PermissionService - Initializing user permissions...
2025-05-06 01:50:52 [main] INFO  c.f.h.Service.PermissionService - User permissions assigned to 2 users.
2025-05-06 01:50:52 [main] INFO  c.f.h.Service.PermissionService - Initializing admin permissions...
2025-05-06 01:50:52 [main] INFO  c.f.h.Service.PermissionService - Admin permissions assigned to 1 admins.
2025-05-06 01:50:52 [main] INFO  c.f.h.Service.PermissionService - Initializing doctor permissions...
2025-05-06 01:50:52 [main] INFO  c.f.h.Service.PermissionService - Doctor permissions assigned to 0 doctors.
2025-05-06 01:50:52 [main] INFO  c.f.h.Security.PermissionInitializer - Permission initialization completed successfully.
2025-05-06 01:50:52 [main] INFO  o.s.b.a.w.s.WelcomePageHandlerMapping - Adding welcome page: class path resource [static/index.html]
2025-05-06 01:50:53 [main] INFO  o.s.b.a.e.web.EndpointLinksResolver - Exposing 1 endpoint beneath base path '/actuator'
2025-05-06 01:50:53 [main] DEBUG o.s.s.web.DefaultSecurityFilterChain - Will secure any request with filters: DisableEncodeUrlFilter, WebAsyncManagerIntegrationFilter, HeaderWriterFilter, LogoutFilter, JwtAuthenticationFilter, SecurityContextHolderAwareRequestFilter, SessionManagementFilter, ExceptionTranslationFilter, AuthorizationFilter
2025-05-06 01:50:53 [main] INFO  o.s.b.w.e.tomcat.TomcatWebServer - Tomcat started on port 8080 (http) with context path '/'
2025-05-06 01:50:53 [main] INFO  com.fsf.habitup.HabitupApplication - Started HabitupApplication in 10.897 seconds (process running for 11.466)
2025-05-06 01:51:37 [http-nio-8080-exec-1] INFO  o.a.c.c.C.[Tomcat].[localhost].[/] - Initializing Spring DispatcherServlet 'dispatcherServlet'
2025-05-06 01:51:37 [http-nio-8080-exec-1] INFO  o.s.web.servlet.DispatcherServlet - Initializing Servlet 'dispatcherServlet'
2025-05-06 01:51:37 [http-nio-8080-exec-1] INFO  o.s.web.servlet.DispatcherServlet - Completed initialization in 0 ms
2025-05-06 01:51:37 [http-nio-8080-exec-1] DEBUG o.s.security.web.FilterChainProxy - Securing OPTIONS /user/show-a-user/mbasudev022@gmail.com
2025-05-06 01:51:37 [http-nio-8080-exec-1] DEBUG o.s.s.w.a.Http403ForbiddenEntryPoint - Pre-authenticated entry point called. Rejecting access
2025-05-06 01:51:37 [http-nio-8080-exec-1] DEBUG o.s.security.web.FilterChainProxy - Securing OPTIONS /error
2025-05-06 01:51:37 [http-nio-8080-exec-1] DEBUG o.s.s.w.a.Http403ForbiddenEntryPoint - Pre-authenticated entry point called. Rejecting access
2025-05-06 01:58:51 [http-nio-8080-exec-3] DEBUG o.s.security.web.FilterChainProxy - Securing OPTIONS /user/show-a-user/mbasudev022@gmail.com
2025-05-06 01:58:51 [http-nio-8080-exec-3] DEBUG o.s.s.w.a.Http403ForbiddenEntryPoint - Pre-authenticated entry point called. Rejecting access
2025-05-06 01:58:51 [http-nio-8080-exec-3] DEBUG o.s.security.web.FilterChainProxy - Securing OPTIONS /error
2025-05-06 01:58:51 [http-nio-8080-exec-3] DEBUG o.s.s.w.a.Http403ForbiddenEntryPoint - Pre-authenticated entry point called. Rejecting access
2025-05-06 01:59:34 [http-nio-8080-exec-4] DEBUG o.s.security.web.FilterChainProxy - Securing OPTIONS /user/show-a-user/mbasudev022@gmail.com
2025-05-06 01:59:34 [http-nio-8080-exec-4] DEBUG o.s.s.w.a.Http403ForbiddenEntryPoint - Pre-authenticated entry point called. Rejecting access
2025-05-06 01:59:34 [http-nio-8080-exec-4] DEBUG o.s.security.web.FilterChainProxy - Securing OPTIONS /error
2025-05-06 01:59:34 [http-nio-8080-exec-4] DEBUG o.s.s.w.a.Http403ForbiddenEntryPoint - Pre-authenticated entry point called. Rejecting access
2025-05-06 01:59:45 [http-nio-8080-exec-5] DEBUG o.s.security.web.FilterChainProxy - Securing OPTIONS /user/show-a-user/mbasudev022@gmail.com
2025-05-06 01:59:45 [http-nio-8080-exec-5] DEBUG o.s.s.w.a.Http403ForbiddenEntryPoint - Pre-authenticated entry point called. Rejecting access
2025-05-06 01:59:45 [http-nio-8080-exec-5] DEBUG o.s.security.web.FilterChainProxy - Securing OPTIONS /error
2025-05-06 01:59:45 [http-nio-8080-exec-5] DEBUG o.s.s.w.a.Http403ForbiddenEntryPoint - Pre-authenticated entry point called. Rejecting access
2025-05-06 01:59:54 [http-nio-8080-exec-7] DEBUG o.s.security.web.FilterChainProxy - Securing OPTIONS /user/show-a-user/mbasudev022@gmail.com
2025-05-06 01:59:54 [http-nio-8080-exec-7] DEBUG o.s.s.w.a.Http403ForbiddenEntryPoint - Pre-authenticated entry point called. Rejecting access
2025-05-06 01:59:54 [http-nio-8080-exec-7] DEBUG o.s.security.web.FilterChainProxy - Securing OPTIONS /error
2025-05-06 01:59:54 [http-nio-8080-exec-7] DEBUG o.s.s.w.a.Http403ForbiddenEntryPoint - Pre-authenticated entry point called. Rejecting access
2025-05-06 02:00:11 [http-nio-8080-exec-9] DEBUG o.s.security.web.FilterChainProxy - Securing OPTIONS /user/show-a-user/mbasudev022@gmail.com
2025-05-06 02:00:11 [http-nio-8080-exec-9] DEBUG o.s.s.w.a.Http403ForbiddenEntryPoint - Pre-authenticated entry point called. Rejecting access
2025-05-06 02:00:11 [http-nio-8080-exec-9] DEBUG o.s.security.web.FilterChainProxy - Securing OPTIONS /error
2025-05-06 02:00:11 [http-nio-8080-exec-9] DEBUG o.s.s.w.a.Http403ForbiddenEntryPoint - Pre-authenticated entry point called. Rejecting access
2025-05-06 02:05:50 [SpringApplicationShutdownHook] INFO  o.s.b.w.e.tomcat.GracefulShutdown - Commencing graceful shutdown. Waiting for active requests to complete
2025-05-06 02:05:50 [tomcat-shutdown] INFO  o.s.b.w.e.tomcat.GracefulShutdown - Graceful shutdown complete
2025-05-06 02:05:50 [SpringApplicationShutdownHook] INFO  o.s.o.j.LocalContainerEntityManagerFactoryBean - Closing JPA EntityManagerFactory for persistence unit 'default'
2025-05-06 02:05:50 [SpringApplicationShutdownHook] INFO  com.zaxxer.hikari.HikariDataSource - HikariPool-1 - Shutdown initiated...
2025-05-06 02:05:50 [SpringApplicationShutdownHook] INFO  com.zaxxer.hikari.HikariDataSource - HikariPool-1 - Shutdown completed.
2025-05-06 02:05:54 [main] INFO  com.fsf.habitup.HabitupApplication - Starting HabitupApplication using Java 17.0.13 with PID 20356 (C:\Users\swast\Downloads\FullStackFlair\target\classes started by swast in C:\Users\swast\Downloads\FullStackFlair)
2025-05-06 02:05:54 [main] INFO  com.fsf.habitup.HabitupApplication - No active profile set, falling back to 1 default profile: "default"
2025-05-06 02:05:56 [main] INFO  o.s.d.r.c.RepositoryConfigurationDelegate - Bootstrapping Spring Data JPA repositories in DEFAULT mode.
2025-05-06 02:05:56 [main] INFO  o.s.d.r.c.RepositoryConfigurationDelegate - Finished Spring Data repository scanning in 135 ms. Found 13 JPA repository interfaces.
2025-05-06 02:05:57 [main] INFO  o.s.b.w.e.tomcat.TomcatWebServer - Tomcat initialized with port 8080 (http)
2025-05-06 02:05:57 [main] INFO  o.a.catalina.core.StandardService - Starting service [Tomcat]
2025-05-06 02:05:57 [main] INFO  o.a.catalina.core.StandardEngine - Starting Servlet engine: [Apache Tomcat/10.1.36]
2025-05-06 02:05:57 [main] INFO  o.a.c.c.C.[Tomcat].[localhost].[/] - Initializing Spring embedded WebApplicationContext
2025-05-06 02:05:57 [main] INFO  o.s.b.w.s.c.ServletWebServerApplicationContext - Root WebApplicationContext: initialization completed in 2850 ms
2025-05-06 02:05:57 [main] INFO  o.h.jpa.internal.util.LogHelper - HHH000204: Processing PersistenceUnitInfo [name: default]
2025-05-06 02:05:58 [main] INFO  org.hibernate.Version - HHH000412: Hibernate ORM core version 6.6.8.Final
2025-05-06 02:05:58 [main] INFO  o.h.c.i.RegionFactoryInitiator - HHH000026: Second-level cache disabled
2025-05-06 02:05:58 [main] INFO  o.s.o.j.p.SpringPersistenceUnitInfo - No LoadTimeWeaver setup: ignoring JPA class transformer
2025-05-06 02:05:58 [main] INFO  com.zaxxer.hikari.HikariDataSource - HikariPool-1 - Starting...
2025-05-06 02:05:58 [main] INFO  com.zaxxer.hikari.pool.HikariPool - HikariPool-1 - Added connection com.mysql.cj.jdbc.ConnectionImpl@4c9ef9c9
2025-05-06 02:05:58 [main] INFO  com.zaxxer.hikari.HikariDataSource - HikariPool-1 - Start completed.
2025-05-06 02:05:58 [main] INFO  o.hibernate.orm.connections.pooling - HHH10001005: Database info:
	Database JDBC URL [Connecting through datasource 'HikariDataSource (HikariPool-1)']
	Database driver: undefined/unknown
	Database version: 8.0.39
	Autocommit mode: undefined/unknown
	Isolation level: undefined/unknown
	Minimum pool size: undefined/unknown
	Maximum pool size: undefined/unknown
2025-05-06 02:06:00 [main] INFO  o.h.e.t.j.p.i.JtaPlatformInitiator - HHH000489: No JTA platform available (set 'hibernate.transaction.jta.platform' to enable JTA platform integration)
2025-05-06 02:06:00 [main] INFO  o.s.o.j.LocalContainerEntityManagerFactoryBean - Initialized JPA EntityManagerFactory for persistence unit 'default'
2025-05-06 02:06:01 [main] INFO  o.s.s.c.a.a.c.InitializeAuthenticationProviderBeanManagerConfigurer$InitializeAuthenticationProviderManagerConfigurer - Global AuthenticationManager configured with AuthenticationProvider bean with name authenticationProvider
2025-05-06 02:06:01 [main] INFO  o.s.d.j.r.query.QueryEnhancerFactory - Hibernate is in classpath; If applicable, HQL parser will be used.
2025-05-06 02:06:02 [main] INFO  c.f.h.Security.PermissionInitializer - Starting permission initialization...
2025-05-06 02:06:02 [main] INFO  c.f.h.Service.PermissionService - Initializing user permissions...
2025-05-06 02:06:02 [main] INFO  c.f.h.Service.PermissionService - User permissions assigned to 2 users.
2025-05-06 02:06:02 [main] INFO  c.f.h.Service.PermissionService - Initializing admin permissions...
2025-05-06 02:06:02 [main] INFO  c.f.h.Service.PermissionService - Admin permissions assigned to 1 admins.
2025-05-06 02:06:02 [main] INFO  c.f.h.Service.PermissionService - Initializing doctor permissions...
2025-05-06 02:06:02 [main] INFO  c.f.h.Service.PermissionService - Doctor permissions assigned to 0 doctors.
2025-05-06 02:06:03 [main] INFO  c.f.h.Security.PermissionInitializer - Permission initialization completed successfully.
2025-05-06 02:06:03 [main] INFO  o.s.b.a.w.s.WelcomePageHandlerMapping - Adding welcome page: class path resource [static/index.html]
2025-05-06 02:06:03 [main] INFO  o.s.b.a.e.web.EndpointLinksResolver - Exposing 1 endpoint beneath base path '/actuator'
2025-05-06 02:06:03 [main] DEBUG o.s.s.web.DefaultSecurityFilterChain - Will secure any request with filters: DisableEncodeUrlFilter, WebAsyncManagerIntegrationFilter, HeaderWriterFilter, LogoutFilter, JwtAuthenticationFilter, SecurityContextHolderAwareRequestFilter, SessionManagementFilter, ExceptionTranslationFilter, AuthorizationFilter
2025-05-06 02:06:04 [main] INFO  o.s.b.w.e.tomcat.TomcatWebServer - Tomcat started on port 8080 (http) with context path '/'
2025-05-06 02:06:04 [main] INFO  com.fsf.habitup.HabitupApplication - Started HabitupApplication in 10.644 seconds (process running for 11.154)
2025-05-06 02:06:18 [http-nio-8080-exec-1] INFO  o.a.c.c.C.[Tomcat].[localhost].[/] - Initializing Spring DispatcherServlet 'dispatcherServlet'
2025-05-06 02:06:18 [http-nio-8080-exec-1] INFO  o.s.web.servlet.DispatcherServlet - Initializing Servlet 'dispatcherServlet'
2025-05-06 02:06:18 [http-nio-8080-exec-1] INFO  o.s.web.servlet.DispatcherServlet - Completed initialization in 4 ms
2025-05-06 02:06:18 [http-nio-8080-exec-1] DEBUG o.s.security.web.FilterChainProxy - Securing OPTIONS /user/show-a-user/mbasudev022@gmail.com
2025-05-06 02:06:18 [http-nio-8080-exec-1] DEBUG o.s.s.w.a.Http403ForbiddenEntryPoint - Pre-authenticated entry point called. Rejecting access
2025-05-06 02:06:18 [http-nio-8080-exec-1] DEBUG o.s.security.web.FilterChainProxy - Securing OPTIONS /error
2025-05-06 02:06:18 [http-nio-8080-exec-1] DEBUG o.s.s.w.a.Http403ForbiddenEntryPoint - Pre-authenticated entry point called. Rejecting access
2025-05-06 02:14:05 [http-nio-8080-exec-4] DEBUG o.s.security.web.FilterChainProxy - Securing GET /uploads/profile_photos/1794e08d-02b4-4deb-9e99-7fde69ef18c9_blue-circle-with-white-user_7837.png
2025-05-06 02:14:05 [http-nio-8080-exec-4] DEBUG o.s.s.w.a.Http403ForbiddenEntryPoint - Pre-authenticated entry point called. Rejecting access
2025-05-06 02:14:05 [http-nio-8080-exec-4] DEBUG o.s.security.web.FilterChainProxy - Securing GET /error
2025-05-06 02:14:05 [http-nio-8080-exec-4] DEBUG o.s.s.w.a.Http403ForbiddenEntryPoint - Pre-authenticated entry point called. Rejecting access
2025-05-06 02:14:07 [http-nio-8080-exec-3] DEBUG o.s.security.web.FilterChainProxy - Securing GET /uploads/profile_photos/1794e08d-02b4-4deb-9e99-7fde69ef18c9_blue-circle-with-white-user_7837.png
2025-05-06 02:14:07 [http-nio-8080-exec-3] DEBUG o.s.s.w.a.Http403ForbiddenEntryPoint - Pre-authenticated entry point called. Rejecting access
2025-05-06 02:14:07 [http-nio-8080-exec-3] DEBUG o.s.security.web.FilterChainProxy - Securing GET /error
2025-05-06 02:14:07 [http-nio-8080-exec-3] DEBUG o.s.s.w.a.Http403ForbiddenEntryPoint - Pre-authenticated entry point called. Rejecting access
2025-05-06 02:42:30 [SpringApplicationShutdownHook] INFO  o.s.b.w.e.tomcat.GracefulShutdown - Commencing graceful shutdown. Waiting for active requests to complete
2025-05-06 02:42:30 [tomcat-shutdown] INFO  o.s.b.w.e.tomcat.GracefulShutdown - Graceful shutdown complete
2025-05-06 02:42:30 [SpringApplicationShutdownHook] INFO  o.s.o.j.LocalContainerEntityManagerFactoryBean - Closing JPA EntityManagerFactory for persistence unit 'default'
2025-05-06 02:42:30 [SpringApplicationShutdownHook] INFO  com.zaxxer.hikari.HikariDataSource - HikariPool-1 - Shutdown initiated...
2025-05-06 02:42:30 [SpringApplicationShutdownHook] INFO  com.zaxxer.hikari.HikariDataSource - HikariPool-1 - Shutdown completed.
2025-05-06 02:42:36 [main] INFO  com.fsf.habitup.HabitupApplication - Starting HabitupApplication using Java 17.0.13 with PID 19796 (C:\Users\swast\Downloads\FullStackFlair\target\classes started by swast in C:\Users\swast\Downloads\FullStackFlair)
2025-05-06 02:42:36 [main] INFO  com.fsf.habitup.HabitupApplication - No active profile set, falling back to 1 default profile: "default"
2025-05-06 02:42:37 [main] INFO  o.s.d.r.c.RepositoryConfigurationDelegate - Bootstrapping Spring Data JPA repositories in DEFAULT mode.
2025-05-06 02:42:37 [main] INFO  o.s.d.r.c.RepositoryConfigurationDelegate - Finished Spring Data repository scanning in 141 ms. Found 13 JPA repository interfaces.
2025-05-06 02:42:39 [main] INFO  o.s.b.w.e.tomcat.TomcatWebServer - Tomcat initialized with port 8080 (http)
2025-05-06 02:42:39 [main] INFO  o.a.catalina.core.StandardService - Starting service [Tomcat]
2025-05-06 02:42:39 [main] INFO  o.a.catalina.core.StandardEngine - Starting Servlet engine: [Apache Tomcat/10.1.36]
2025-05-06 02:42:39 [main] INFO  o.a.c.c.C.[Tomcat].[localhost].[/] - Initializing Spring embedded WebApplicationContext
2025-05-06 02:42:39 [main] INFO  o.s.b.w.s.c.ServletWebServerApplicationContext - Root WebApplicationContext: initialization completed in 3042 ms
2025-05-06 02:42:39 [main] INFO  o.h.jpa.internal.util.LogHelper - HHH000204: Processing PersistenceUnitInfo [name: default]
2025-05-06 02:42:40 [main] INFO  org.hibernate.Version - HHH000412: Hibernate ORM core version 6.6.8.Final
2025-05-06 02:42:40 [main] INFO  o.h.c.i.RegionFactoryInitiator - HHH000026: Second-level cache disabled
2025-05-06 02:42:40 [main] INFO  o.s.o.j.p.SpringPersistenceUnitInfo - No LoadTimeWeaver setup: ignoring JPA class transformer
2025-05-06 02:42:40 [main] INFO  com.zaxxer.hikari.HikariDataSource - HikariPool-1 - Starting...
2025-05-06 02:42:41 [main] INFO  com.zaxxer.hikari.pool.HikariPool - HikariPool-1 - Added connection com.mysql.cj.jdbc.ConnectionImpl@1f72fbd1
2025-05-06 02:42:41 [main] INFO  com.zaxxer.hikari.HikariDataSource - HikariPool-1 - Start completed.
2025-05-06 02:42:41 [main] INFO  o.hibernate.orm.connections.pooling - HHH10001005: Database info:
	Database JDBC URL [Connecting through datasource 'HikariDataSource (HikariPool-1)']
	Database driver: undefined/unknown
	Database version: 8.0.39
	Autocommit mode: undefined/unknown
	Isolation level: undefined/unknown
	Minimum pool size: undefined/unknown
	Maximum pool size: undefined/unknown
2025-05-06 02:42:43 [main] INFO  o.h.e.t.j.p.i.JtaPlatformInitiator - HHH000489: No JTA platform available (set 'hibernate.transaction.jta.platform' to enable JTA platform integration)
2025-05-06 02:42:43 [main] INFO  o.s.o.j.LocalContainerEntityManagerFactoryBean - Initialized JPA EntityManagerFactory for persistence unit 'default'
2025-05-06 02:42:44 [main] INFO  o.s.s.c.a.a.c.InitializeAuthenticationProviderBeanManagerConfigurer$InitializeAuthenticationProviderManagerConfigurer - Global AuthenticationManager configured with AuthenticationProvider bean with name authenticationProvider
2025-05-06 02:42:44 [main] INFO  o.s.d.j.r.query.QueryEnhancerFactory - Hibernate is in classpath; If applicable, HQL parser will be used.
2025-05-06 02:42:45 [main] INFO  c.f.h.Security.PermissionInitializer - Starting permission initialization...
2025-05-06 02:42:45 [main] INFO  c.f.h.Service.PermissionService - Initializing user permissions...
2025-05-06 02:42:45 [main] INFO  c.f.h.Service.PermissionService - User permissions assigned to 2 users.
2025-05-06 02:42:45 [main] INFO  c.f.h.Service.PermissionService - Initializing admin permissions...
2025-05-06 02:42:45 [main] INFO  c.f.h.Service.PermissionService - Admin permissions assigned to 1 admins.
2025-05-06 02:42:45 [main] INFO  c.f.h.Service.PermissionService - Initializing doctor permissions...
2025-05-06 02:42:45 [main] INFO  c.f.h.Service.PermissionService - Doctor permissions assigned to 0 doctors.
2025-05-06 02:42:45 [main] INFO  c.f.h.Security.PermissionInitializer - Permission initialization completed successfully.
2025-05-06 02:42:46 [main] INFO  o.s.b.a.e.web.EndpointLinksResolver - Exposing 1 endpoint beneath base path '/actuator'
2025-05-06 02:42:46 [main] DEBUG o.s.s.web.DefaultSecurityFilterChain - Will secure any request with filters: DisableEncodeUrlFilter, WebAsyncManagerIntegrationFilter, HeaderWriterFilter, LogoutFilter, JwtAuthenticationFilter, SecurityContextHolderAwareRequestFilter, SessionManagementFilter, ExceptionTranslationFilter, AuthorizationFilter
2025-05-06 02:42:47 [main] INFO  o.s.b.w.e.tomcat.TomcatWebServer - Tomcat started on port 8080 (http) with context path '/'
2025-05-06 02:42:47 [main] INFO  com.fsf.habitup.HabitupApplication - Started HabitupApplication in 11.503 seconds (process running for 12.038)
2025-05-06 02:56:41 [SpringApplicationShutdownHook] INFO  o.s.b.w.e.tomcat.GracefulShutdown - Commencing graceful shutdown. Waiting for active requests to complete
2025-05-06 02:56:42 [tomcat-shutdown] INFO  o.s.b.w.e.tomcat.GracefulShutdown - Graceful shutdown complete
2025-05-06 02:56:42 [SpringApplicationShutdownHook] INFO  o.s.o.j.LocalContainerEntityManagerFactoryBean - Closing JPA EntityManagerFactory for persistence unit 'default'
2025-05-06 02:56:42 [SpringApplicationShutdownHook] INFO  com.zaxxer.hikari.HikariDataSource - HikariPool-1 - Shutdown initiated...
2025-05-06 02:56:42 [SpringApplicationShutdownHook] INFO  com.zaxxer.hikari.HikariDataSource - HikariPool-1 - Shutdown completed.
2025-05-06 02:56:46 [main] INFO  com.fsf.habitup.HabitupApplication - Starting HabitupApplication using Java 17.0.13 with PID 10956 (C:\Users\swast\Downloads\FullStackFlair\target\classes started by swast in C:\Users\swast\Downloads\FullStackFlair)
2025-05-06 02:56:46 [main] INFO  com.fsf.habitup.HabitupApplication - No active profile set, falling back to 1 default profile: "default"
2025-05-06 02:56:47 [main] INFO  o.s.d.r.c.RepositoryConfigurationDelegate - Bootstrapping Spring Data JPA repositories in DEFAULT mode.
2025-05-06 02:56:47 [main] INFO  o.s.d.r.c.RepositoryConfigurationDelegate - Finished Spring Data repository scanning in 123 ms. Found 13 JPA repository interfaces.
2025-05-06 02:56:49 [main] INFO  o.s.b.w.e.tomcat.TomcatWebServer - Tomcat initialized with port 8080 (http)
2025-05-06 02:56:49 [main] INFO  o.a.catalina.core.StandardService - Starting service [Tomcat]
2025-05-06 02:56:49 [main] INFO  o.a.catalina.core.StandardEngine - Starting Servlet engine: [Apache Tomcat/10.1.36]
2025-05-06 02:56:49 [main] INFO  o.a.c.c.C.[Tomcat].[localhost].[/] - Initializing Spring embedded WebApplicationContext
2025-05-06 02:56:49 [main] INFO  o.s.b.w.s.c.ServletWebServerApplicationContext - Root WebApplicationContext: initialization completed in 2865 ms
2025-05-06 02:56:49 [main] INFO  o.h.jpa.internal.util.LogHelper - HHH000204: Processing PersistenceUnitInfo [name: default]
2025-05-06 02:56:49 [main] INFO  org.hibernate.Version - HHH000412: Hibernate ORM core version 6.6.8.Final
2025-05-06 02:56:49 [main] INFO  o.h.c.i.RegionFactoryInitiator - HHH000026: Second-level cache disabled
2025-05-06 02:56:50 [main] INFO  o.s.o.j.p.SpringPersistenceUnitInfo - No LoadTimeWeaver setup: ignoring JPA class transformer
2025-05-06 02:56:50 [main] INFO  com.zaxxer.hikari.HikariDataSource - HikariPool-1 - Starting...
2025-05-06 02:56:50 [main] INFO  com.zaxxer.hikari.pool.HikariPool - HikariPool-1 - Added connection com.mysql.cj.jdbc.ConnectionImpl@5a6af2c4
2025-05-06 02:56:50 [main] INFO  com.zaxxer.hikari.HikariDataSource - HikariPool-1 - Start completed.
2025-05-06 02:56:50 [main] INFO  o.hibernate.orm.connections.pooling - HHH10001005: Database info:
	Database JDBC URL [Connecting through datasource 'HikariDataSource (HikariPool-1)']
	Database driver: undefined/unknown
	Database version: 8.0.39
	Autocommit mode: undefined/unknown
	Isolation level: undefined/unknown
	Minimum pool size: undefined/unknown
	Maximum pool size: undefined/unknown
2025-05-06 02:56:52 [main] INFO  o.h.e.t.j.p.i.JtaPlatformInitiator - HHH000489: No JTA platform available (set 'hibernate.transaction.jta.platform' to enable JTA platform integration)
2025-05-06 02:56:52 [main] INFO  o.s.o.j.LocalContainerEntityManagerFactoryBean - Initialized JPA EntityManagerFactory for persistence unit 'default'
2025-05-06 02:56:53 [main] INFO  o.s.s.c.a.a.c.InitializeAuthenticationProviderBeanManagerConfigurer$InitializeAuthenticationProviderManagerConfigurer - Global AuthenticationManager configured with AuthenticationProvider bean with name authenticationProvider
2025-05-06 02:56:53 [main] INFO  o.s.d.j.r.query.QueryEnhancerFactory - Hibernate is in classpath; If applicable, HQL parser will be used.
2025-05-06 02:56:54 [main] INFO  c.f.h.Security.PermissionInitializer - Starting permission initialization...
2025-05-06 02:56:54 [main] INFO  c.f.h.Service.PermissionService - Initializing user permissions...
2025-05-06 02:56:54 [main] INFO  c.f.h.Service.PermissionService - User permissions assigned to 2 users.
2025-05-06 02:56:54 [main] INFO  c.f.h.Service.PermissionService - Initializing admin permissions...
2025-05-06 02:56:54 [main] INFO  c.f.h.Service.PermissionService - Admin permissions assigned to 1 admins.
2025-05-06 02:56:54 [main] INFO  c.f.h.Service.PermissionService - Initializing doctor permissions...
2025-05-06 02:56:54 [main] INFO  c.f.h.Service.PermissionService - Doctor permissions assigned to 0 doctors.
2025-05-06 02:56:54 [main] INFO  c.f.h.Security.PermissionInitializer - Permission initialization completed successfully.
2025-05-06 02:56:55 [main] INFO  o.s.b.a.e.web.EndpointLinksResolver - Exposing 1 endpoint beneath base path '/actuator'
2025-05-06 02:56:55 [main] DEBUG o.s.s.web.DefaultSecurityFilterChain - Will secure any request with filters: DisableEncodeUrlFilter, WebAsyncManagerIntegrationFilter, HeaderWriterFilter, LogoutFilter, JwtAuthenticationFilter, SecurityContextHolderAwareRequestFilter, SessionManagementFilter, ExceptionTranslationFilter, AuthorizationFilter
2025-05-06 02:56:56 [main] INFO  o.s.b.w.e.tomcat.TomcatWebServer - Tomcat started on port 8080 (http) with context path '/'
2025-05-06 02:56:56 [main] INFO  com.fsf.habitup.HabitupApplication - Started HabitupApplication in 10.858 seconds (process running for 11.337)
2025-05-06 03:13:54 [SpringApplicationShutdownHook] INFO  o.s.b.w.e.tomcat.GracefulShutdown - Commencing graceful shutdown. Waiting for active requests to complete
2025-05-06 03:13:54 [tomcat-shutdown] INFO  o.s.b.w.e.tomcat.GracefulShutdown - Graceful shutdown complete
2025-05-06 03:13:54 [SpringApplicationShutdownHook] INFO  o.s.o.j.LocalContainerEntityManagerFactoryBean - Closing JPA EntityManagerFactory for persistence unit 'default'
2025-05-06 03:13:54 [SpringApplicationShutdownHook] INFO  com.zaxxer.hikari.HikariDataSource - HikariPool-1 - Shutdown initiated...
2025-05-06 03:13:54 [SpringApplicationShutdownHook] INFO  com.zaxxer.hikari.HikariDataSource - HikariPool-1 - Shutdown completed.
2025-05-06 03:13:58 [main] INFO  com.fsf.habitup.HabitupApplication - Starting HabitupApplication using Java 17.0.13 with PID 3560 (C:\Users\swast\Downloads\FullStackFlair\target\classes started by swast in C:\Users\swast\Downloads\FullStackFlair)
2025-05-06 03:13:58 [main] INFO  com.fsf.habitup.HabitupApplication - No active profile set, falling back to 1 default profile: "default"
2025-05-06 03:14:00 [main] INFO  o.s.d.r.c.RepositoryConfigurationDelegate - Bootstrapping Spring Data JPA repositories in DEFAULT mode.
2025-05-06 03:14:00 [main] INFO  o.s.d.r.c.RepositoryConfigurationDelegate - Finished Spring Data repository scanning in 124 ms. Found 13 JPA repository interfaces.
2025-05-06 03:14:01 [main] INFO  o.s.b.w.e.tomcat.TomcatWebServer - Tomcat initialized with port 8080 (http)
2025-05-06 03:14:01 [main] INFO  o.a.catalina.core.StandardService - Starting service [Tomcat]
2025-05-06 03:14:01 [main] INFO  o.a.catalina.core.StandardEngine - Starting Servlet engine: [Apache Tomcat/10.1.36]
2025-05-06 03:14:01 [main] INFO  o.a.c.c.C.[Tomcat].[localhost].[/] - Initializing Spring embedded WebApplicationContext
2025-05-06 03:14:01 [main] INFO  o.s.b.w.s.c.ServletWebServerApplicationContext - Root WebApplicationContext: initialization completed in 2822 ms
2025-05-06 03:14:02 [main] INFO  o.h.jpa.internal.util.LogHelper - HHH000204: Processing PersistenceUnitInfo [name: default]
2025-05-06 03:14:02 [main] INFO  org.hibernate.Version - HHH000412: Hibernate ORM core version 6.6.8.Final
2025-05-06 03:14:02 [main] INFO  o.h.c.i.RegionFactoryInitiator - HHH000026: Second-level cache disabled
2025-05-06 03:14:02 [main] INFO  o.s.o.j.p.SpringPersistenceUnitInfo - No LoadTimeWeaver setup: ignoring JPA class transformer
2025-05-06 03:14:02 [main] INFO  com.zaxxer.hikari.HikariDataSource - HikariPool-1 - Starting...
2025-05-06 03:14:03 [main] INFO  com.zaxxer.hikari.pool.HikariPool - HikariPool-1 - Added connection com.mysql.cj.jdbc.ConnectionImpl@4c9ef9c9
2025-05-06 03:14:03 [main] INFO  com.zaxxer.hikari.HikariDataSource - HikariPool-1 - Start completed.
2025-05-06 03:14:03 [main] INFO  o.hibernate.orm.connections.pooling - HHH10001005: Database info:
	Database JDBC URL [Connecting through datasource 'HikariDataSource (HikariPool-1)']
	Database driver: undefined/unknown
	Database version: 8.0.39
	Autocommit mode: undefined/unknown
	Isolation level: undefined/unknown
	Minimum pool size: undefined/unknown
	Maximum pool size: undefined/unknown
2025-05-06 03:14:04 [main] INFO  o.h.e.t.j.p.i.JtaPlatformInitiator - HHH000489: No JTA platform available (set 'hibernate.transaction.jta.platform' to enable JTA platform integration)
2025-05-06 03:14:05 [main] INFO  o.s.o.j.LocalContainerEntityManagerFactoryBean - Initialized JPA EntityManagerFactory for persistence unit 'default'
2025-05-06 03:14:05 [main] INFO  o.s.s.c.a.a.c.InitializeAuthenticationProviderBeanManagerConfigurer$InitializeAuthenticationProviderManagerConfigurer - Global AuthenticationManager configured with AuthenticationProvider bean with name authenticationProvider
2025-05-06 03:14:06 [main] INFO  o.s.d.j.r.query.QueryEnhancerFactory - Hibernate is in classpath; If applicable, HQL parser will be used.
2025-05-06 03:14:06 [main] INFO  c.f.h.Security.PermissionInitializer - Starting permission initialization...
2025-05-06 03:14:06 [main] INFO  c.f.h.Service.PermissionService - Initializing user permissions...
2025-05-06 03:14:07 [main] INFO  c.f.h.Service.PermissionService - User permissions assigned to 2 users.
2025-05-06 03:14:07 [main] INFO  c.f.h.Service.PermissionService - Initializing admin permissions...
2025-05-06 03:14:07 [main] INFO  c.f.h.Service.PermissionService - Admin permissions assigned to 1 admins.
2025-05-06 03:14:07 [main] INFO  c.f.h.Service.PermissionService - Initializing doctor permissions...
2025-05-06 03:14:07 [main] INFO  c.f.h.Service.PermissionService - Doctor permissions assigned to 0 doctors.
2025-05-06 03:14:07 [main] INFO  c.f.h.Security.PermissionInitializer - Permission initialization completed successfully.
2025-05-06 03:14:08 [main] INFO  o.s.b.a.e.web.EndpointLinksResolver - Exposing 1 endpoint beneath base path '/actuator'
2025-05-06 03:14:08 [main] DEBUG o.s.s.web.DefaultSecurityFilterChain - Will secure any request with filters: DisableEncodeUrlFilter, WebAsyncManagerIntegrationFilter, HeaderWriterFilter, LogoutFilter, JwtAuthenticationFilter, SecurityContextHolderAwareRequestFilter, SessionManagementFilter, ExceptionTranslationFilter, AuthorizationFilter
2025-05-06 03:14:08 [main] INFO  o.s.b.w.e.tomcat.TomcatWebServer - Tomcat started on port 8080 (http) with context path '/'
2025-05-06 03:14:08 [main] INFO  com.fsf.habitup.HabitupApplication - Started HabitupApplication in 10.571 seconds (process running for 11.063)
2025-05-06 03:14:22 [http-nio-8080-exec-2] INFO  o.a.c.c.C.[Tomcat].[localhost].[/] - Initializing Spring DispatcherServlet 'dispatcherServlet'
2025-05-06 03:14:22 [http-nio-8080-exec-2] INFO  o.s.web.servlet.DispatcherServlet - Initializing Servlet 'dispatcherServlet'
2025-05-06 03:14:22 [http-nio-8080-exec-2] INFO  o.s.web.servlet.DispatcherServlet - Completed initialization in 6 ms
2025-05-06 03:14:22 [http-nio-8080-exec-2] DEBUG o.s.security.web.FilterChainProxy - Securing POST /habit/auth/login
2025-05-06 03:14:22 [http-nio-8080-exec-2] DEBUG o.s.security.web.FilterChainProxy - Secured POST /habit/auth/login
2025-05-06 03:14:23 [http-nio-8080-exec-2] DEBUG o.s.s.a.d.DaoAuthenticationProvider - Authenticated user
2025-05-06 03:21:23 [SpringApplicationShutdownHook] INFO  o.s.b.w.e.tomcat.GracefulShutdown - Commencing graceful shutdown. Waiting for active requests to complete
2025-05-06 03:21:23 [tomcat-shutdown] INFO  o.s.b.w.e.tomcat.GracefulShutdown - Graceful shutdown complete
2025-05-06 03:21:23 [SpringApplicationShutdownHook] INFO  o.s.o.j.LocalContainerEntityManagerFactoryBean - Closing JPA EntityManagerFactory for persistence unit 'default'
2025-05-06 03:21:23 [SpringApplicationShutdownHook] INFO  com.zaxxer.hikari.HikariDataSource - HikariPool-1 - Shutdown initiated...
2025-05-06 03:21:23 [SpringApplicationShutdownHook] INFO  com.zaxxer.hikari.HikariDataSource - HikariPool-1 - Shutdown completed.
2025-05-06 03:21:27 [main] INFO  com.fsf.habitup.HabitupApplication - Starting HabitupApplication using Java 17.0.13 with PID 18820 (C:\Users\swast\Downloads\FullStackFlair\target\classes started by swast in C:\Users\swast\Downloads\FullStackFlair)
2025-05-06 03:21:27 [main] INFO  com.fsf.habitup.HabitupApplication - No active profile set, falling back to 1 default profile: "default"
2025-05-06 03:21:28 [main] INFO  o.s.d.r.c.RepositoryConfigurationDelegate - Bootstrapping Spring Data JPA repositories in DEFAULT mode.
2025-05-06 03:21:28 [main] INFO  o.s.d.r.c.RepositoryConfigurationDelegate - Finished Spring Data repository scanning in 134 ms. Found 13 JPA repository interfaces.
2025-05-06 03:21:30 [main] INFO  o.s.b.w.e.tomcat.TomcatWebServer - Tomcat initialized with port 8080 (http)
2025-05-06 03:21:30 [main] INFO  o.a.catalina.core.StandardService - Starting service [Tomcat]
2025-05-06 03:21:30 [main] INFO  o.a.catalina.core.StandardEngine - Starting Servlet engine: [Apache Tomcat/10.1.36]
2025-05-06 03:21:30 [main] INFO  o.a.c.c.C.[Tomcat].[localhost].[/] - Initializing Spring embedded WebApplicationContext
2025-05-06 03:21:30 [main] INFO  o.s.b.w.s.c.ServletWebServerApplicationContext - Root WebApplicationContext: initialization completed in 2710 ms
2025-05-06 03:21:30 [main] INFO  o.h.jpa.internal.util.LogHelper - HHH000204: Processing PersistenceUnitInfo [name: default]
2025-05-06 03:21:30 [main] INFO  org.hibernate.Version - HHH000412: Hibernate ORM core version 6.6.8.Final
2025-05-06 03:21:30 [main] INFO  o.h.c.i.RegionFactoryInitiator - HHH000026: Second-level cache disabled
2025-05-06 03:21:31 [main] INFO  o.s.o.j.p.SpringPersistenceUnitInfo - No LoadTimeWeaver setup: ignoring JPA class transformer
2025-05-06 03:21:31 [main] INFO  com.zaxxer.hikari.HikariDataSource - HikariPool-1 - Starting...
2025-05-06 03:21:31 [main] INFO  com.zaxxer.hikari.pool.HikariPool - HikariPool-1 - Added connection com.mysql.cj.jdbc.ConnectionImpl@123c48d0
2025-05-06 03:21:31 [main] INFO  com.zaxxer.hikari.HikariDataSource - HikariPool-1 - Start completed.
2025-05-06 03:21:31 [main] INFO  o.hibernate.orm.connections.pooling - HHH10001005: Database info:
	Database JDBC URL [Connecting through datasource 'HikariDataSource (HikariPool-1)']
	Database driver: undefined/unknown
	Database version: 8.0.39
	Autocommit mode: undefined/unknown
	Isolation level: undefined/unknown
	Minimum pool size: undefined/unknown
	Maximum pool size: undefined/unknown
2025-05-06 03:21:33 [main] INFO  o.h.e.t.j.p.i.JtaPlatformInitiator - HHH000489: No JTA platform available (set 'hibernate.transaction.jta.platform' to enable JTA platform integration)
2025-05-06 03:21:33 [main] INFO  o.s.o.j.LocalContainerEntityManagerFactoryBean - Initialized JPA EntityManagerFactory for persistence unit 'default'
2025-05-06 03:21:34 [main] INFO  o.s.s.c.a.a.c.InitializeAuthenticationProviderBeanManagerConfigurer$InitializeAuthenticationProviderManagerConfigurer - Global AuthenticationManager configured with AuthenticationProvider bean with name authenticationProvider
2025-05-06 03:21:34 [main] INFO  o.s.d.j.r.query.QueryEnhancerFactory - Hibernate is in classpath; If applicable, HQL parser will be used.
2025-05-06 03:21:35 [main] INFO  c.f.h.Security.PermissionInitializer - Starting permission initialization...
2025-05-06 03:21:35 [main] INFO  c.f.h.Service.PermissionService - Initializing user permissions...
2025-05-06 03:21:35 [main] INFO  c.f.h.Service.PermissionService - User permissions assigned to 2 users.
2025-05-06 03:21:35 [main] INFO  c.f.h.Service.PermissionService - Initializing admin permissions...
2025-05-06 03:21:35 [main] INFO  c.f.h.Service.PermissionService - Admin permissions assigned to 1 admins.
2025-05-06 03:21:35 [main] INFO  c.f.h.Service.PermissionService - Initializing doctor permissions...
2025-05-06 03:21:35 [main] INFO  c.f.h.Service.PermissionService - Doctor permissions assigned to 0 doctors.
2025-05-06 03:21:35 [main] INFO  c.f.h.Security.PermissionInitializer - Permission initialization completed successfully.
2025-05-06 03:21:36 [main] INFO  o.s.b.a.e.web.EndpointLinksResolver - Exposing 1 endpoint beneath base path '/actuator'
2025-05-06 03:21:36 [main] DEBUG o.s.s.web.DefaultSecurityFilterChain - Will secure any request with filters: DisableEncodeUrlFilter, WebAsyncManagerIntegrationFilter, HeaderWriterFilter, LogoutFilter, JwtAuthenticationFilter, SecurityContextHolderAwareRequestFilter, SessionManagementFilter, ExceptionTranslationFilter, AuthorizationFilter
2025-05-06 03:21:37 [main] INFO  o.s.b.w.e.tomcat.TomcatWebServer - Tomcat started on port 8080 (http) with context path '/'
2025-05-06 03:21:37 [main] INFO  com.fsf.habitup.HabitupApplication - Started HabitupApplication in 10.302 seconds (process running for 10.775)
2025-05-06 03:21:45 [http-nio-8080-exec-2] INFO  o.a.c.c.C.[Tomcat].[localhost].[/] - Initializing Spring DispatcherServlet 'dispatcherServlet'
2025-05-06 03:21:45 [http-nio-8080-exec-2] INFO  o.s.web.servlet.DispatcherServlet - Initializing Servlet 'dispatcherServlet'
2025-05-06 03:21:45 [http-nio-8080-exec-2] INFO  o.s.web.servlet.DispatcherServlet - Completed initialization in 0 ms
2025-05-06 03:21:45 [http-nio-8080-exec-2] DEBUG o.s.security.web.FilterChainProxy - Securing POST /habit/auth/login
2025-05-06 03:21:45 [http-nio-8080-exec-2] DEBUG o.s.security.web.FilterChainProxy - Secured POST /habit/auth/login
2025-05-06 03:21:45 [http-nio-8080-exec-2] DEBUG o.s.s.a.d.DaoAuthenticationProvider - Authenticated user
2025-05-06 03:22:10 [http-nio-8080-exec-1] DEBUG o.s.security.web.FilterChainProxy - Securing PUT /user/updateuser/mbasudev022@gmail.com
2025-05-06 03:22:10 [http-nio-8080-exec-1] DEBUG o.s.security.web.FilterChainProxy - Secured PUT /user/updateuser/mbasudev022@gmail.com
2025-05-06 03:22:25 [http-nio-8080-exec-5] DEBUG o.s.security.web.FilterChainProxy - Securing GET /user/show-a-user/mbasudev022@gmail.com
2025-05-06 03:22:25 [http-nio-8080-exec-5] DEBUG o.s.security.web.FilterChainProxy - Secured GET /user/show-a-user/mbasudev022@gmail.com
2025-05-06 03:26:17 [http-nio-8080-exec-6] DEBUG o.s.security.web.FilterChainProxy - Securing OPTIONS /habit/auth/login
2025-05-06 03:26:17 [http-nio-8080-exec-6] DEBUG o.s.security.web.FilterChainProxy - Secured OPTIONS /habit/auth/login
2025-05-06 03:26:17 [http-nio-8080-exec-8] DEBUG o.s.security.web.FilterChainProxy - Securing POST /habit/auth/login
2025-05-06 03:26:17 [http-nio-8080-exec-8] DEBUG o.s.security.web.FilterChainProxy - Secured POST /habit/auth/login
2025-05-06 03:26:17 [http-nio-8080-exec-8] DEBUG o.s.s.a.d.DaoAuthenticationProvider - Authenticated user
